<?xml version="1.0" encoding="UTF-8"?>
<!-- Generated by org.testng.reporters.JUnitReportReporter -->
<testsuite hostname="DESKTOP-GM3P38V" failures="0" tests="3" name="pageObjectModel.Chrome" time="19.445" errors="0" timestamp="2024-04-19T22:43:07 IDT" skipped="0">
  <testcase classname="pageObjectModel.Chrome" name="CheckTitleInChrome" time="3.405"/>
  <testcase classname="pageObjectModel.Chrome" name="InvalidLogIn" time="11.774"/>
  <testcase classname="pageObjectModel.Chrome" name="ValidLogIn" time="4.266"/>
</testsuite> <!-- pageObjectModel.Chrome -->
